<?xml version="1.0" encoding="UTF-8"?>
<testsuite xmlns:xsi="http://www.w3.org/2001/XMLSchema-instance" xsi:noNamespaceSchemaLocation="https://maven.apache.org/surefire/maven-surefire-plugin/xsd/surefire-test-report-3.0.xsd" version="3.0" name="edu.eci.cvds.tdd.library.LibraryTest" time="0.073" tests="5" errors="0" skipped="0" failures="0">
  <properties>
[...]
</properties>
  <testcase name="shouldNotLoanBookToNonexistentUser" classname="edu.eci.cvds.tdd.library.LibraryTest" time="0.033"/>
  <testcase name="shouldNotLoanBookWhenUserAlreadyHasIt" classname="edu.eci.cvds.tdd.library.LibraryTest" time="0.007"/>
  <testcase name="shouldNotLoanABookIfItIsNotAvailable" classname="edu.eci.cvds.tdd.library.LibraryTest" time="0.002"/>
  <testcase name="shouldLoanABook" classname="edu.eci.cvds.tdd.library.LibraryTest" time="0.001"/>
  <testcase name="shouldNotLoanNonexistentBook" classname="edu.eci.cvds.tdd.library.LibraryTest" time="0.001"/>
</testsuite>